[ 2015-11-14T09:46:04+08:00 ] 127.0.0.1 /sinasvn/ifreehand/1/
INFO: [ app_init ] --START--
INFO: Run Behavior\BuildLiteBehavior [ RunTime:0.000065s ]
INFO: [ app_init ] --END-- [ RunTime:0.136648s ]
INFO: [ app_begin ] --START--
INFO: Run Behavior\ReadHtmlCacheBehavior [ RunTime:0.027713s ]
INFO: [ app_begin ] --END-- [ RunTime:0.027976s ]
INFO: [ view_parse ] --START--
INFO: [ template_filter ] --START--
INFO: Run Behavior\ContentReplaceBehavior [ RunTime:0.007782s ]
INFO: [ template_filter ] --END-- [ RunTime:0.007904s ]
INFO: Run Behavior\ParseTemplateBehavior [ RunTime:0.607143s ]
INFO: [ view_parse ] --END-- [ RunTime:0.607301s ]
INFO: [ view_filter ] --START--
INFO: Run Behavior\WriteHtmlCacheBehavior [ RunTime:0.027148s ]
INFO: [ view_filter ] --END-- [ RunTime:0.027286s ]
INFO: [ app_end ] --START--
INFO: Run Behavior\ShowPageTraceBehavior [ RunTime:0.028288s ]
INFO: [ app_end ] --END-- [ RunTime:0.028573s ]

[ 2015-11-14T09:46:25+08:00 ] 127.0.0.1 /sinasvn/ifreehand/1/index.php/Home/Kefu/test
INFO: [ app_init ] --START--
INFO: Run Behavior\BuildLiteBehavior [ RunTime:0.000034s ]
INFO: [ app_init ] --END-- [ RunTime:0.001212s ]
INFO: [ app_begin ] --START--
INFO: Run Behavior\ReadHtmlCacheBehavior [ RunTime:0.001484s ]
INFO: [ app_begin ] --END-- [ RunTime:0.001619s ]
INFO: [ app_end ] --START--
INFO: Run Behavior\ShowPageTraceBehavior [ RunTime:0.012270s ]
INFO: [ app_end ] --END-- [ RunTime:0.012393s ]

[ 2015-11-14T11:32:03+08:00 ] 127.0.0.1 /sinasvn/ifreehand/1/index.php/Home/Weixin/test
INFO: [ app_init ] --START--
INFO: Run Behavior\BuildLiteBehavior [ RunTime:0.000018s ]
INFO: [ app_init ] --END-- [ RunTime:0.000605s ]
INFO: [ app_begin ] --START--
INFO: Run Behavior\ReadHtmlCacheBehavior [ RunTime:0.000928s ]
INFO: [ app_begin ] --END-- [ RunTime:0.001003s ]
INFO: [ app_end ] --START--
INFO: Run Behavior\ShowPageTraceBehavior [ RunTime:0.000635s ]
INFO: [ app_end ] --END-- [ RunTime:0.000691s ]

[ 2015-11-14T11:32:12+08:00 ] 127.0.0.1 /sinasvn/ifreehand/1/index.php/Home/Weixin/index
INFO: [ app_init ] --START--
INFO: Run Behavior\BuildLiteBehavior [ RunTime:0.000044s ]
INFO: [ app_init ] --END-- [ RunTime:0.001367s ]
INFO: [ app_begin ] --START--
INFO: Run Behavior\ReadHtmlCacheBehavior [ RunTime:0.001621s ]
INFO: [ app_begin ] --END-- [ RunTime:0.001757s ]
NOTIC: [8] Undefined index: HTTP_RAW_POST_DATA D:\Program Files\MyPHP\apache\htdocs\sinasvn\ifreehand\1\Application\Home\Controller\WeixinController.class.php 第 28 行.

[ 2015-11-14T23:39:26+08:00 ] 127.0.0.1 /sinasvn/ifreehand/1/index.php/Home/Utils/get_access_token
INFO: [ app_init ] --START--
INFO: Run Behavior\BuildLiteBehavior [ RunTime:0.000033s ]
INFO: [ app_init ] --END-- [ RunTime:0.001242s ]
INFO: [ app_begin ] --START--
INFO: Run Behavior\ReadHtmlCacheBehavior [ RunTime:0.001832s ]
INFO: [ app_begin ] --END-- [ RunTime:0.001969s ]

[ 2015-11-14T23:40:11+08:00 ] 127.0.0.1 /sinasvn/ifreehand/1/index.php/Home/Utils/get_access_token
INFO: [ app_init ] --START--
INFO: Run Behavior\BuildLiteBehavior [ RunTime:0.000018s ]
INFO: [ app_init ] --END-- [ RunTime:0.000626s ]
INFO: [ app_begin ] --START--
INFO: Run Behavior\ReadHtmlCacheBehavior [ RunTime:0.002759s ]
INFO: [ app_begin ] --END-- [ RunTime:0.003009s ]
INFO: [ app_end ] --START--
INFO: Run Behavior\ShowPageTraceBehavior [ RunTime:0.000991s ]
INFO: [ app_end ] --END-- [ RunTime:0.001105s ]

